RUNIT TEST PROTOCOL -- Fri Mar  1 15:25:38 2013 
*********************************************** 
Number of test functions: 9 
Number of errors: 0 
Number of failures: 1 

 
1 Test Suite : 
mintProto - 9 test functions, 0 errors, 1 failure
FAILURE in test.getCommCent: Error in checkEquals("community", class(commCent[[1]])) : 
  1 string mismatch



Details 
*************************** 
Test Suite: mintProto 
Test function regexp: ^test.+ 
Test file regexp: ^test\d+\.R 
Involved directory: 
tests 
--------------------------- 
Test file: tests/test1.R 
test.computeLogReturns: (1000 checks) ... OK (0.5 seconds)
test.getCommCent: FAILURE !! (check number 2)
Error in checkEquals("community", class(commCent[[1]])) : 
  1 string mismatch
test.getCor: (4 checks) ... OK (0 seconds)
test.getForcDir: (3 checks) ... OK (0.07 seconds)
test.getMst: (3 checks) ... OK (0.03 seconds)
test.getSammonsXYZ2D: (5 checks) ... OK (0.03 seconds)
test.getSammonsXYZ3D: (5 checks) ... OK (0.03 seconds)
test.mint_main_fn: (1 checks) ... OK (10.39 seconds)
--------------------------- 
Test file: tests/test2.R 
test.consumeFn: (1 checks) ... OK (0 seconds)
